#
# A fatal error has been detected by the Java Runtime Environment:
#
#  EXCEPTION_STACK_OVERFLOW (0xc00000fd) at pc=0x00000000024e54bd, pid=6092, tid=5184
#
# JRE version: 6.0_45-b06
# Java VM: Java HotSpot(TM) 64-Bit Server VM (20.45-b01 mixed mode windows-amd64 compressed oops)
# Problematic frame:
# j  java.util.HashMap$EntryIterator.<init>(Ljava/util/HashMap;)V+0
#
# If you would like to submit a bug report, please visit:
#   http://java.sun.com/webapps/bugreport/crash.jsp
#

---------------  T H R E A D  ---------------

Current thread (0x000000000028e000):  JavaThread "main" [_thread_in_Java, id=5184, stack(0x00000000023d0000,0x00000000024d0000)]

siginfo: ExceptionCode=0xc00000fd, ExceptionInformation=0x0000000000000001 0x00000000023d0fe0 

Registers:
RAX=0x00000000bc99f988, RBX=0x00000000bb3909c0, RCX=0x0000000000007ce9, RDX=0x00000000bb391e78
RSP=0x00000000023d6fe0, RBP=0x00000000023d7020, RSI=0x00000000bb391938, RDI=0x0000000000000014
R8 =0x00000000eb114828, R9 =0x0000000000000001, R10=0x000000006e0108b0, R11=0x0000000002604d10
R12=0x0000000000000000, R13=0x00000000bb3909b0, R14=0x00000000023d7038, R15=0x000000000028e000
RIP=0x00000000024e54bd, EFLAGS=0x0000000000010287

Top of Stack: (sp=0x00000000023d6fe0)
0x00000000023d6fe0:   00000000023d6fe0 00000000bb3909b0
0x00000000023d6ff0:   00000000023d7038 00000000bb391e78
0x00000000023d7000:   00000000bc99f988 00000000bb3909c0
0x00000000023d7010:   0000000000000000 00000000023d7030
0x00000000023d7020:   00000000023d7080 00000000024d5bc2
0x00000000023d7030:   00000000eb114828 00000000eb2d5e30
0x00000000023d7040:   00000000023d7040 00000000bb390c52
0x00000000023d7050:   00000000023d70a0 00000000bb391e78
0x00000000023d7060:   00000000bc99f8e0 00000000bb390c60
0x00000000023d7070:   00000000023d7030 00000000023d7090
0x00000000023d7080:   00000000023d70f0 00000000024d5bc2
0x00000000023d7090:   0000000000000000 00000000eb114828
0x00000000023d70a0:   00000000eb2d5e30 00000000eb2d5e30
0x00000000023d70b0:   00000000023d70b0 00000000bb0c228e
0x00000000023d70c0:   00000000023d7100 00000000bb0c30e0
0x00000000023d70d0:   00000000bc99fa48 00000000bb0c2298 

Instructions: (pc=0x00000000024e54bd)
0x00000000024e549d:   00 f0 ff ff 89 84 24 00 e0 ff ff 89 84 24 00 d0
0x00000000024e54ad:   ff ff 89 84 24 00 c0 ff ff 89 84 24 00 b0 ff ff
0x00000000024e54bd:   89 84 24 00 a0 ff ff 41 c6 87 6d 02 00 00 00 41
0x00000000024e54cd:   8b 97 60 03 00 00 85 d2 0f 84 2c 01 00 00 e8 05 


Register to memory mapping:

RAX=0x00000000bc99f988 is an oop
{method data} 
 - klass: {other class}
RBX=0x00000000bb3909c0 is an oop
{method} 
 - klass: {other class}
RCX=0x0000000000007ce9 is an unknown value
RDX=0x00000000bb391e78 is an oop
{constant pool cache} 
 - klass: {other class}
RSP=0x00000000023d6fe0 is pointing into the stack for thread: 0x000000000028e000
RBP=0x00000000023d7020 is pointing into the stack for thread: 0x000000000028e000
RSI=0x00000000bb391938 is an oop
{instance class} 
 - klass: {other class}
RDI=0x0000000000000014 is an unknown value
R8 =0x00000000eb114828 is an oop
java.util.HashMap 
 - klass: 'java/util/HashMap'
R9 =0x0000000000000001 is an unknown value
R10=0x000000006e0108b0 is an unknown value
R11=0x0000000002604b90 [CodeBlob (0x0000000002604b90)]
Framesize: 8
R12=0x0000000000000000 is an unknown value
R13=0x00000000bb3909b0 is an oop
{constMethod} 
 - klass: {other class}
 - method:       0x00000000bb3909c0 {method} '<init>' '(Ljava/util/HashMap;)V' in 'java/util/HashMap$EntryIterator'
 - exceptions:   0x00000000bb001ef8
bci_from(00000000BB3909B0) = 0; print_codes():
R14=0x00000000023d7038 is pointing into the stack for thread: 0x000000000028e000
R15=0x000000000028e000 is a thread


Stack: [0x00000000023d0000,0x00000000024d0000],  sp=0x00000000023d6fe0,  free space=27k
Native frames: (J=compiled Java code, j=interpreted, Vv=VM code, C=native code)
j  java.util.HashMap$EntryIterator.<init>(Ljava/util/HashMap;)V+0
j  java.util.HashMap$EntryIterator.<init>(Ljava/util/HashMap;Ljava/util/HashMap$1;)V+2
j  java.util.HashMap.newEntryIterator()Ljava/util/Iterator;+6
j  java.util.HashMap$EntrySet.iterator()Ljava/util/Iterator;+4
j  java.util.AbstractMap.toString()Ljava/lang/String;+4


---------------  P R O C E S S  ---------------

Java Threads: ( => current thread )
  0x00000000078a4800 JavaThread "Druid-ConnectionPool-Destroy-532185378" daemon [_thread_blocked, id=5412, stack(0x0000000009030000,0x0000000009130000)]
  0x00000000078a2800 JavaThread "Druid-ConnectionPool-Create-532185378" daemon [_thread_blocked, id=5556, stack(0x0000000008f30000,0x0000000009030000)]
  0x0000000007b1f800 JavaThread "MySQL Statement Cancellation Timer" daemon [_thread_blocked, id=5588, stack(0x0000000008e30000,0x0000000008f30000)]
  0x00000000061c6000 JavaThread "Low Memory Detector" daemon [_thread_blocked, id=2600, stack(0x0000000007060000,0x0000000007160000)]
  0x00000000061c2800 JavaThread "C2 CompilerThread1" daemon [_thread_blocked, id=5860, stack(0x0000000006f60000,0x0000000007060000)]
  0x00000000061b3000 JavaThread "C2 CompilerThread0" daemon [_thread_blocked, id=5612, stack(0x0000000006e60000,0x0000000006f60000)]
  0x00000000061a3000 JavaThread "JDWP Command Reader" daemon [_thread_in_native, id=5900, stack(0x0000000006d60000,0x0000000006e60000)]
  0x00000000061a0000 JavaThread "JDWP Event Helper Thread" daemon [_thread_blocked, id=5636, stack(0x0000000006c60000,0x0000000006d60000)]
  0x000000000619d800 JavaThread "JDWP Transport Listener: dt_socket" daemon [_thread_blocked, id=5916, stack(0x0000000006a20000,0x0000000006b20000)]
  0x0000000000388000 JavaThread "Attach Listener" daemon [_thread_blocked, id=5944, stack(0x0000000006450000,0x0000000006550000)]
  0x0000000000386800 JavaThread "Signal Dispatcher" daemon [_thread_blocked, id=5720, stack(0x0000000006350000,0x0000000006450000)]
  0x0000000000375000 JavaThread "Finalizer" daemon [_thread_blocked, id=6060, stack(0x0000000006050000,0x0000000006150000)]
  0x000000000036c000 JavaThread "Reference Handler" daemon [_thread_blocked, id=5512, stack(0x0000000005f50000,0x0000000006050000)]
=>0x000000000028e000 JavaThread "main" [_thread_in_Java, id=5184, stack(0x00000000023d0000,0x00000000024d0000)]

Other Threads:
  0x0000000000365800 VMThread [stack: 0x0000000005e50000,0x0000000005f50000] [id=5692]
  0x00000000061cf800 WatcherThread [stack: 0x0000000007160000,0x0000000007260000] [id=5632]

VM state:not at safepoint (normal execution)

VM Mutex/Monitor currently owned by a thread: None

Heap
 PSYoungGen      total 36992K, used 13095K [0x00000000eab60000, 0x00000000ed7a0000, 0x0000000100000000)
  eden space 31744K, 24% used [0x00000000eab60000,0x00000000eb30dde0,0x00000000eca60000)
  from space 5248K, 99% used [0x00000000ed080000,0x00000000ed59c060,0x00000000ed5a0000)
  to   space 6272K, 0% used [0x00000000eca60000,0x00000000eca60000,0x00000000ed080000)
 PSOldGen        total 43648K, used 2452K [0x00000000c0200000, 0x00000000c2ca0000, 0x00000000eab60000)
  object space 43648K, 5% used [0x00000000c0200000,0x00000000c0465220,0x00000000c2ca0000)
 PSPermGen       total 26240K, used 26239K [0x00000000bb000000, 0x00000000bc9a0000, 0x00000000c0200000)
  object space 26240K, 99% used [0x00000000bb000000,0x00000000bc99fd50,0x00000000bc9a0000)

Code Cache  [0x00000000024d0000, 0x0000000002740000, 0x00000000054d0000)
 total_blobs=597 nmethods=255 adapters=303 free_code_cache=49057984 largest_free_block=6336

Dynamic libraries:
0x0000000000400000 - 0x000000000042f000 	C:\Program Files\Java\jdk1.6.0_45\bin\javaw.exe
0x0000000077c40000 - 0x0000000077de9000 	C:\Windows\SYSTEM32\ntdll.dll
0x0000000077b20000 - 0x0000000077c3f000 	C:\Windows\system32\kernel32.dll
0x000007fefdb70000 - 0x000007fefdbdc000 	C:\Windows\system32\KERNELBASE.dll
0x000007feff930000 - 0x000007feffa0b000 	C:\Windows\system32\ADVAPI32.dll
0x000007feff600000 - 0x000007feff69f000 	C:\Windows\system32\msvcrt.dll
0x000007feffd20000 - 0x000007feffd3f000 	C:\Windows\SYSTEM32\sechost.dll
0x000007feffb20000 - 0x000007feffc4d000 	C:\Windows\system32\RPCRT4.dll
0x0000000077a20000 - 0x0000000077b1a000 	C:\Windows\system32\USER32.dll
0x000007feff4f0000 - 0x000007feff557000 	C:\Windows\system32\GDI32.dll
0x000007fefe4c0000 - 0x000007fefe4ce000 	C:\Windows\system32\LPK.dll
0x000007feffc50000 - 0x000007feffd19000 	C:\Windows\system32\USP10.dll
0x000007fefe200000 - 0x000007fefe22e000 	C:\Windows\system32\IMM32.DLL
0x000007feffa10000 - 0x000007feffb19000 	C:\Windows\system32\MSCTF.dll
0x000000006d8e0000 - 0x000000006e09c000 	C:\Program Files\Java\jdk1.6.0_45\jre\bin\server\jvm.dll
0x000007fefba10000 - 0x000007fefba4b000 	C:\Windows\system32\WINMM.dll
0x000000006d850000 - 0x000000006d85e000 	C:\Program Files\Java\jdk1.6.0_45\jre\bin\verify.dll
0x000000006d460000 - 0x000000006d487000 	C:\Program Files\Java\jdk1.6.0_45\jre\bin\java.dll
0x000000006d4d0000 - 0x000000006d504000 	C:\Program Files\Java\jdk1.6.0_45\jre\bin\jdwp.dll
0x000000006d6f0000 - 0x000000006d6f8000 	C:\Program Files\Java\jdk1.6.0_45\jre\bin\npt.dll
0x000000006d8a0000 - 0x000000006d8b2000 	C:\Program Files\Java\jdk1.6.0_45\jre\bin\zip.dll
0x000000006d310000 - 0x000000006d319000 	C:\Program Files\Java\jdk1.6.0_45\jre\bin\dt_socket.dll
0x000007fefe130000 - 0x000007fefe17d000 	C:\Windows\system32\WS2_32.dll
0x000007feff440000 - 0x000007feff448000 	C:\Windows\system32\NSI.dll
0x000007fefba50000 - 0x000007fefba65000 	C:\Windows\system32\NLAapi.dll
0x000007fefa6d0000 - 0x000007fefa6e5000 	C:\Windows\system32\napinsp.dll
0x000007fefa0e0000 - 0x000007fefa0f9000 	C:\Windows\system32\pnrpnsp.dll
0x000007fefd250000 - 0x000007fefd2a5000 	C:\Windows\System32\mswsock.dll
0x000007fefd0d0000 - 0x000007fefd12b000 	C:\Windows\system32\DNSAPI.dll
0x000007fefa0d0000 - 0x000007fefa0db000 	C:\Windows\System32\winrnr.dll
0x0000000073c10000 - 0x0000000073c36000 	C:\Program Files\Bonjour\mdnsNSP.dll
0x000007fefb490000 - 0x000007fefb4b7000 	C:\Windows\system32\Iphlpapi.DLL
0x000007fefb480000 - 0x000007fefb48b000 	C:\Windows\system32\WINNSI.DLL
0x000007fefb320000 - 0x000007fefb373000 	C:\Windows\System32\fwpuclnt.dll
0x000007fef9380000 - 0x000007fef9388000 	C:\Windows\system32\rasadhlp.dll
0x000007fefcc50000 - 0x000007fefcc57000 	C:\Windows\System32\wshtcpip.dll
0x000000006d600000 - 0x000000006d60a000 	C:\Program Files\Java\jdk1.6.0_45\jre\bin\management.dll
0x000000006d6c0000 - 0x000000006d6d7000 	C:\Program Files\Java\jdk1.6.0_45\jre\bin\net.dll
0x000007fefd240000 - 0x000007fefd247000 	C:\Windows\System32\wship6.dll
0x0000000077e10000 - 0x0000000077e17000 	C:\Windows\system32\PSAPI.DLL

VM Arguments:
jvm_args: -agentlib:jdwp=transport=dt_socket,suspend=y,address=localhost:50760 -Dfile.encoding=UTF-8 -Xbootclasspath/a:D:\Users\luyang\AppData\Local\Genuitec\Common\plugins\com.genuitec.eclipse.j2eedt.core_8.6.1.me201010211225\data\libraryset\EE_5\javaee.jar;D:\Users\luyang\AppData\Local\Genuitec\Common\plugins\com.genuitec.eclipse.j2eedt.core_8.6.1.me201010211225\data\libraryset\EE_5\jsf-impl.jar;D:\Users\luyang\AppData\Local\Genuitec\Common\plugins\com.genuitec.eclipse.j2eedt.core_8.6.1.me201010211225\data\libraryset\EE_5\jsf-api.jar;D:\Users\luyang\AppData\Local\Genuitec\Common\plugins\com.genuitec.eclipse.j2eedt.core_8.6.1.me201010211225\data\libraryset\EE_5\jstl-1.2.jar 
java_command: springTest.test.SqlTest
Launcher Type: SUN_STANDARD

Environment Variables:
JAVA_HOME=C:\JavaTM\jdk1.6.0_45_x86\
CLASSPATH=C:\JavaTM\jdk1.6.0_45_x86\\lib\dt.jar;C:\JavaTM\jdk1.6.0_45_x86\\lib\tools.jar;D:\apache-tomcat-7.0.63\BIN
PATH=C:\Program Files\Java\jdk1.6.0_45\jre\bin;D:/Users/luyang/AppData/Local/Genuitec/Common/binary/com.sun.java.jdk.win32.x86_1.6.0.013/jre/bin/client;D:/Users/luyang/AppData/Local/Genuitec/Common/binary/com.sun.java.jdk.win32.x86_1.6.0.013/jre/bin;C:\MinGW\bin;C:\JavaTM\jdk1.6.0_45_x86\\bin;C:\JavaTM\jdk1.6.0_45_x86\\jre\bin;D:\Program Files (x86)\EditPlus 3;C:\Windows\system32;C:\Windows;C:\Windows\System32\Wbem;C:\Windows\System32\WindowsPowerShell\v1.0\;D:\Program Files\TortoiseSVN\bin;D:\Program Files\nodejs\
USERNAME=luyang
OS=Windows_NT
PROCESSOR_IDENTIFIER=Intel64 Family 6 Model 15 Stepping 13, GenuineIntel



---------------  S Y S T E M  ---------------

OS: Windows 7 , 64 bit Build 7601 Service Pack 1

CPU:total 2 (2 cores per cpu, 1 threads per core) family 6 model 15 stepping 13, cmov, cx8, fxsr, mmx, sse, sse2, sse3, ssse3

Memory: 4k page, physical 4183224k(1081880k free), swap 16753196k(12771080k free)

vm_info: Java HotSpot(TM) 64-Bit Server VM (20.45-b01) for windows-amd64 JRE (1.6.0_45-b06), built on Apr  1 2013 12:31:37 by "java_re" with MS VC++ 8.0 (VS2005)

time: Wed May 18 10:44:44 2016
elapsed time: 95 seconds

